0 info it worked if it ends with ok
1 verbose cli [ '/usr/bin/nodejs', '/usr/bin/npm', 'run', 'build' ]
2 info using npm@3.10.8
3 info using node@v6.9.1
4 verbose run-script [ 'prebuild', 'build', 'postbuild' ]
5 info lifecycle Edgar@0.0.1~prebuild: Edgar@0.0.1
6 verbose lifecycle Edgar@0.0.1~prebuild: unsafe-perm in lifecycle true
7 verbose lifecycle Edgar@0.0.1~prebuild: PATH: /usr/lib/node_modules/npm/bin/node-gyp-bin:/var/www/html/Edgar/node_modules/.bin:/usr/local/sbin:/usr/local/bin:/usr/sbin:/usr/bin:/sbin:/bin:/usr/games:/usr/local/games
8 verbose lifecycle Edgar@0.0.1~prebuild: CWD: /var/www/html/Edgar
9 silly lifecycle Edgar@0.0.1~prebuild: Args: [ '-c', 'npm run lint' ]
10 silly lifecycle Edgar@0.0.1~prebuild: Returned: code: 1  signal: null
11 info lifecycle Edgar@0.0.1~prebuild: Failed to exec prebuild script
12 verbose stack Error: Edgar@0.0.1 prebuild: `npm run lint`
12 verbose stack Exit status 1
12 verbose stack     at EventEmitter.<anonymous> (/usr/lib/node_modules/npm/lib/utils/lifecycle.js:255:16)
12 verbose stack     at emitTwo (events.js:106:13)
12 verbose stack     at EventEmitter.emit (events.js:191:7)
12 verbose stack     at ChildProcess.<anonymous> (/usr/lib/node_modules/npm/lib/utils/spawn.js:40:14)
12 verbose stack     at emitTwo (events.js:106:13)
12 verbose stack     at ChildProcess.emit (events.js:191:7)
12 verbose stack     at maybeClose (internal/child_process.js:877:16)
12 verbose stack     at Process.ChildProcess._handle.onexit (internal/child_process.js:226:5)
13 verbose pkgid Edgar@0.0.1
14 verbose cwd /var/www/html/Edgar
15 error Linux 3.13.0-65-generic
16 error argv "/usr/bin/nodejs" "/usr/bin/npm" "run" "build"
17 error node v6.9.1
18 error npm  v3.10.8
19 error code ELIFECYCLE
20 error Edgar@0.0.1 prebuild: `npm run lint`
20 error Exit status 1
21 error Failed at the Edgar@0.0.1 prebuild script 'npm run lint'.
21 error Make sure you have the latest version of node.js and npm installed.
21 error If you do, this is most likely a problem with the Edgar package,
21 error not with npm itself.
21 error Tell the author that this fails on your system:
21 error     npm run lint
21 error You can get information on how to open an issue for this project with:
21 error     npm bugs Edgar
21 error Or if that isn't available, you can get their info via:
21 error     npm owner ls Edgar
21 error There is likely additional logging output above.
22 verbose exit [ 1, true ]
